9.2_App_settings/AppWithSettings/app/build/intermediates/manifest_merge_blame_file/debug/manifest-merger-blame-debug-report.txt
1<?xml version="1.0" encoding="utf-8"?>
2<manifest xmlns:android="http://schemas.android.com/apk/res/android"
3    package="com.shady.appwithsettings"
4    android:versionCode="1"
5    android:versionName="1.0" >
6
7    <uses-sdk
8        android:minSdkVersion="15"
8-->src\main\AndroidManifest.xml
9        android:targetSdkVersion="28" />
9-->src\main\AndroidManifest.xml
10
11    <application
11-->src\main\AndroidManifest.xml:6:5-32:19
12        android:allowBackup="true"
12-->src\main\AndroidManifest.xml:7:9-35
13        android:appComponentFactory="android.support.v4.app.CoreComponentFactory"
13-->[com.android.support:support-compat:28.0.0] AndroidManifest.xml:22:18-91
14        android:debuggable="true"
15        android:icon="@mipmap/ic_launcher"
15-->src\main\AndroidManifest.xml:8:9-43
16        android:label="@string/app_name"
16-->src\main\AndroidManifest.xml:9:9-41
17        android:roundIcon="@mipmap/ic_launcher_round"
17-->src\main\AndroidManifest.xml:10:9-54
18        android:supportsRtl="true"
18-->src\main\AndroidManifest.xml:11:9-35
19        android:testOnly="true"
20        android:theme="@style/AppTheme" >
20-->src\main\AndroidManifest.xml:12:9-40
21        <activity
21-->src\main\AndroidManifest.xml:14:9-21:20
22            android:name="com.shady.appwithsettings.SettingsActivity"
22-->src\main\AndroidManifest.xml:14:19-76
23            android:parentActivityName="com.shady.appwithsettings.MainActivity" >
23-->src\main\AndroidManifest.xml:15:13-80
24            <meta-data
24-->src\main\AndroidManifest.xml:17:13-19:73
25                android:name="android.support.PARENT_ACTIVITY"
25-->src\main\AndroidManifest.xml:18:17-63
26                android:value="com.shady.appwithsettings.MainActivity" />
26-->src\main\AndroidManifest.xml:19:17-71
27        </activity>
28        <activity
28-->src\main\AndroidManifest.xml:22:9-31:20
29            android:name="com.shady.appwithsettings.MainActivity"
29-->src\main\AndroidManifest.xml:23:13-66
30            android:label="@string/app_name"
30-->src\main\AndroidManifest.xml:24:13-45
31            android:theme="@style/AppTheme.NoActionBar" >
31-->src\main\AndroidManifest.xml:25:13-56
32            <intent-filter>
32-->src\main\AndroidManifest.xml:26:13-30:29
33                <action android:name="android.intent.action.MAIN" />
33-->src\main\AndroidManifest.xml:27:17-69
33-->src\main\AndroidManifest.xml:27:25-66
34
35                <category android:name="android.intent.category.LAUNCHER" />
35-->src\main\AndroidManifest.xml:29:17-77
35-->src\main\AndroidManifest.xml:29:27-74
36            </intent-filter>
37        </activity>
38    </application>
39
40</manifest>